Build started 8/2/2017 12:20:52 PM.
     1>Project "C:\Users\harri\OneDrive\documents\visual studio 2010\Projects\myProject\myProject\myProject.vcxproj" on node 2 (build target(s)).
     1>InitializeBuildStatus:
         Creating "Debug\myProject.unsuccessfulbuild" because "AlwaysCreate" was specified.
       ClCompile:
         d:\vs\VC\bin\CL.exe /c /ZI /nologo /W3 /WX- /Od /Oy- /D WIN32 /D _DEBUG /D _CONSOLE /D _UNICODE /D UNICODE /Gm /EHsc /RTC1 /MDd /GS /fp:precise /Zc:wchar_t /Zc:forScope /Fo"Debug\\" /Fd"Debug\vc100.pdb" /Gd /TP /analyze- /errorReport:prompt Harris.cpp
         Harris.cpp
       ManifestResourceCompile:
         All outputs are up-to-date.
       Link:
         d:\vs\VC\bin\link.exe /ERRORREPORT:PROMPT /OUT:"C:\Users\harri\onedrive\documents\visual studio 2010\Projects\myProject\Debug\myProject.exe" /INCREMENTAL /NOLOGO kernel32.lib user32.lib gdi32.lib winspool.lib comdlg32.lib advapi32.lib shell32.lib ole32.lib oleaut32.lib uuid.lib odbc32.lib odbccp32.lib /MANIFEST /ManifestFile:"Debug\myProject.exe.intermediate.manifest" /MANIFESTUAC:"level='asInvoker' uiAccess='false'" /DEBUG /PDB:"C:\Users\harri\onedrive\documents\visual studio 2010\Projects\myProject\Debug\myProject.pdb" /SUBSYSTEM:CONSOLE /TLBID:1 /DYNAMICBASE /NXCOMPAT /IMPLIB:"C:\Users\harri\onedrive\documents\visual studio 2010\Projects\myProject\Debug\myProject.lib" /MACHINE:X86 Debug\myProject.exe.embed.manifest.res
         Debug\Harris.obj
       Manifest:
         C:\Program Files (x86)\Microsoft SDKs\Windows\v7.0A\bin\mt.exe /nologo /verbose /out:"Debug\myProject.exe.embed.manifest" /manifest Debug\myProject.exe.intermediate.manifest
         All outputs are up-to-date.
       LinkEmbedManifest:
         All outputs are up-to-date.
         myProject.vcxproj -> C:\Users\harri\onedrive\documents\visual studio 2010\Projects\myProject\Debug\myProject.exe
       FinalizeBuildStatus:
         Deleting file "Debug\myProject.unsuccessfulbuild".
         Touching "Debug\myProject.lastbuildstate".
     1>Done Building Project "C:\Users\harri\OneDrive\documents\visual studio 2010\Projects\myProject\myProject\myProject.vcxproj" (build target(s)).

Build succeeded.

Time Elapsed 00:00:01.00
